<?xml version="1.0" encoding="UTF-8"?>
<testsuite xmlns:xsi="http://www.w3.org/2001/XMLSchema-instance" xsi:noNamespaceSchemaLocation="https://maven.apache.org/surefire/maven-surefire-plugin/xsd/surefire-test-report-3.0.xsd" version="3.0" name="TestSuite" time="37.333" tests="3" errors="0" skipped="0" failures="0">
  <properties>
[...]
</properties>
  <testcase name="selectALL_forUomCode" classname="org.acse.testCases.inventory.TC_UoM" time="5.429">
    <system-out><![CDATA[Inside the Before suite
Excel created Successfully 
outPutExcellLocation :./OutPut\Inventory_2021-03-16_18-40-32.xlsx
Inside the BrowserSetUp
BrowserSetUp is completed,Login Successfully
]]></system-out>
    <system-err><![CDATA[Starting ChromeDriver 89.0.4389.23 (61b08ee2c50024bab004e48d2b1b083cdbdac579-refs/branch-heads/4389@{#294}) on port 26893
Only local connections are allowed.
Please see https://chromedriver.chromium.org/security-considerations for suggestions on keeping ChromeDriver safe.
ChromeDriver was started successfully.
Mar 16, 2021 6:40:36 PM org.openqa.selenium.remote.ProtocolHandshake createSession
INFO: Detected dialect: W3C
]]></system-err>
  </testcase>
  <testcase name="createUomCode[Inventory-Uom, TC_UOM_001, Check the response when entering UomCode &gt; 20., STUOM1012345678901234567890, Susmith for Test, Rolls, 12.234, active, , There should be a inline validation for Max Length.](1)" classname="org.acse.testCases.inventory.TC_UoM" time="4.778">
    <system-out><![CDATA[Row count 2
col count 10
TC_No :TC_UOM_001
SheetName :inventory
FormName :Inventory-Uom
scenario :Check the response when entering UomCode > 20.
expectedResult :There should be a inline validation for Max Length.
actualResult :true
Result Updated
]]></system-out>
  </testcase>
  <testcase name="createUomCode[Inventory-Uom, TC_UOM_002, Check the response when entering UomCode &gt; 20., STUOM10123456789012hhhhhhh, Susmith for Test, Rolls, , active, , There should be a inline validation for Max Length.](2)" classname="org.acse.testCases.inventory.TC_UoM" time="6.14">
    <system-out><![CDATA[TC_No :TC_UOM_002
SheetName :inventory
FormName :Inventory-Uom
scenario :Check the response when entering UomCode > 20.
expectedResult :There should be a inline validation for Max Length.
actualResult :true
Result Updated
]]></system-out>
  </testcase>
</testsuite>